<?xml version="1.0" encoding="utf-8"?><testsuites><testsuite name="pytest" errors="0" failures="0" skipped="0" tests="6" time="48.801" timestamp="2024-08-27T22:24:31.683888+02:00" hostname="PrzemyslawL-MBP.local"><testcase classname="src.tests.bitbucket_test" name="test_file_upload_via_api" time="6.456" /><testcase classname="src.tests.bitbucket_test" name="test_clone_repository" time="7.076" /><testcase classname="src.tests.bitbucket_test" name="test_create_a_repo" time="5.105" /><testcase classname="src.tests.bitbucket_test" name="test_repository_creation[chromium]" time="24.627" /><testcase classname="src.tests.bitbucket_test" name="test_change_code_via_ui[chromium]" time="30.954" /><testcase classname="src.tests.bitbucket_test" name="test_submit_code_changes_via_ui[chromium]" time="47.484" /></testsuite></testsuites>